<?xml version="1.0" encoding="UTF-8"?>
<coverage generated="1627518807674" clover="3.2.0">
  <project timestamp="1627518807674" name="All files">
    <metrics statements="7" coveredstatements="7" conditionals="2" coveredconditionals="2" methods="3" coveredmethods="3" elements="12" coveredelements="12" complexity="0" loc="7" ncloc="7" packages="1" files="3" classes="3"/>
    <file name="add.js" path="/home/png_boi95/NMIT2021_sem2/SDV-502/labs/tdd_and_unit_testing/vite-project/otherJestTest/add.js">
      <metrics statements="2" coveredstatements="2" conditionals="0" coveredconditionals="0" methods="1" coveredmethods="1"/>
      <line num="2" count="1" type="stmt"/>
      <line num="5" count="1" type="stmt"/>
    </file>
    <file name="clone.js" path="/home/png_boi95/NMIT2021_sem2/SDV-502/labs/tdd_and_unit_testing/vite-project/otherJestTest/clone.js">
      <metrics statements="2" coveredstatements="2" conditionals="0" coveredconditionals="0" methods="1" coveredmethods="1"/>
      <line num="2" count="1" type="stmt"/>
      <line num="5" count="1" type="stmt"/>
    </file>
    <file name="subtract.js" path="/home/png_boi95/NMIT2021_sem2/SDV-502/labs/tdd_and_unit_testing/vite-project/otherJestTest/subtract.js">
      <metrics statements="3" coveredstatements="3" conditionals="2" coveredconditionals="2" methods="1" coveredmethods="1"/>
      <line num="2" count="2" type="cond" truecount="2" falsecount="0"/>
      <line num="3" count="1" type="stmt"/>
      <line num="5" count="1" type="stmt"/>
    </file>
  </project>
</coverage>
