{"/home/png_boi95/NMIT2021_sem2/SDV-502/labs/tdd_and_unit_testing/vite-project/otherJestTest/add.js": {"path":"/home/png_boi95/NMIT2021_sem2/SDV-502/labs/tdd_and_unit_testing/vite-project/otherJestTest/add.js","statementMap":{"0":{"start":{"line":2,"column":4},"end":{"line":2,"column":16}},"1":{"start":{"line":5,"column":0},"end":{"line":5,"column":20}}},"fnMap":{"0":{"name":"add","decl":{"start":{"line":1,"column":9},"end":{"line":1,"column":12}},"loc":{"start":{"line":1,"column":19},"end":{"line":3,"column":1}},"line":1}},"branchMap":{},"s":{"0":1,"1":1},"f":{"0":1},"b":{},"_coverageSchema":"1a1c01bbd47fc00a2c39e90264f33305004495a9","hash":"ecc99b3deb1f90d9ac868d12a70db216b1a0a208"}
,"/home/png_boi95/NMIT2021_sem2/SDV-502/labs/tdd_and_unit_testing/vite-project/otherJestTest/clone.js": {"path":"/home/png_boi95/NMIT2021_sem2/SDV-502/labs/tdd_and_unit_testing/vite-project/otherJestTest/clone.js","statementMap":{"0":{"start":{"line":2,"column":4},"end":{"line":2,"column":17}},"1":{"start":{"line":5,"column":0},"end":{"line":5,"column":23}}},"fnMap":{"0":{"name":"clone","decl":{"start":{"line":1,"column":9},"end":{"line":1,"column":14}},"loc":{"start":{"line":1,"column":18},"end":{"line":3,"column":1}},"line":1}},"branchMap":{},"s":{"0":1,"1":1},"f":{"0":1},"b":{},"_coverageSchema":"1a1c01bbd47fc00a2c39e90264f33305004495a9","hash":"5b0504886baadf32fec3ef8d4d42cde1f9f7b164"}
,"/home/png_boi95/NMIT2021_sem2/SDV-502/labs/tdd_and_unit_testing/vite-project/otherJestTest/subtract.js": {"path":"/home/png_boi95/NMIT2021_sem2/SDV-502/labs/tdd_and_unit_testing/vite-project/otherJestTest/subtract.js","statementMap":{"0":{"start":{"line":2,"column":4},"end":{"line":2,"column":26}},"1":{"start":{"line":2,"column":14},"end":{"line":2,"column":26}},"2":{"start":{"line":3,"column":4},"end":{"line":3,"column":16}},"3":{"start":{"line":5,"column":0},"end":{"line":5,"column":25}}},"fnMap":{"0":{"name":"subtract","decl":{"start":{"line":1,"column":9},"end":{"line":1,"column":17}},"loc":{"start":{"line":1,"column":24},"end":{"line":4,"column":1}},"line":1}},"branchMap":{"0":{"loc":{"start":{"line":2,"column":4},"end":{"line":2,"column":26}},"type":"if","locations":[{"start":{"line":2,"column":4},"end":{"line":2,"column":26}},{"start":{"line":2,"column":4},"end":{"line":2,"column":26}}],"line":2}},"s":{"0":2,"1":1,"2":1,"3":1},"f":{"0":2},"b":{"0":[1,1]},"_coverageSchema":"1a1c01bbd47fc00a2c39e90264f33305004495a9","hash":"9c9a0288ef4fdcdc66f776a8d2f7ea809f8c2422"}
}
